Change Component Comment : Designator=U1 Old Comment=STM32F103ZGT6 New Comment=STM32F103ZET6
Change component parameters: Designator = "C15"; Footprint = "0805_C"; UniqueID = "\ZQTRKBOI"
Change component parameters. Clean all parameters for all variants
Change component parameters (AddParameter): Name = "ComponentLink1Description"; Value = "供应商链接"; VariantName = "[No Variations]"
Change component parameters (AddParameter): Name = "ComponentLink1URL"; Value = "http://www.szlcsc.com/product/details_50686.html"; VariantName = "[No Variations]"
Change component parameters (AddParameter): Name = "Notepad"; Value = ""; VariantName = "[No Variations]"
Change component parameters (AddParameter): Name = "Package"; Value = "0805"; VariantName = "[No Variations]"
Change component parameters (AddParameter): Name = "Supplier"; Value = "LC"; VariantName = "[No Variations]"
Change component parameters (AddParameter): Name = "SuppliersPartNumber"; Value = "C49678"; VariantName = "[No Variations]"
Change component parameters: Designator = "C19"; Footprint = "0805_C"; UniqueID = "\CMVZSQRJ"
Change component parameters. Clean all parameters for all variants
Change component parameters (AddParameter): Name = "ComponentLink1Description"; Value = "供应商链接"; VariantName = "[No Variations]"
Change component parameters (AddParameter): Name = "ComponentLink1URL"; Value = "http://www.szlcsc.com/product/details_50686.html"; VariantName = "[No Variations]"
Change component parameters (AddParameter): Name = "Notepad"; Value = ""; VariantName = "[No Variations]"
Change component parameters (AddParameter): Name = "Package"; Value = "0805"; VariantName = "[No Variations]"
Change component parameters (AddParameter): Name = "Supplier"; Value = "LC"; VariantName = "[No Variations]"
Change component parameters (AddParameter): Name = "SuppliersPartNumber"; Value = "C49678"; VariantName = "[No Variations]"
Change component parameters: Designator = "C20"; Footprint = "0805_C"; UniqueID = "\CDBEUERJ"
Change component parameters. Clean all parameters for all variants
Change component parameters (AddParameter): Name = "ComponentLink1Description"; Value = "供应商链接"; VariantName = "[No Variations]"
Change component parameters (AddParameter): Name = "ComponentLink1URL"; Value = "http://www.szlcsc.com/product/details_50686.html"; VariantName = "[No Variations]"
Change component parameters (AddParameter): Name = "Notepad"; Value = ""; VariantName = "[No Variations]"
Change component parameters (AddParameter): Name = "Package"; Value = "0805"; VariantName = "[No Variations]"
Change component parameters (AddParameter): Name = "Supplier"; Value = "LC"; VariantName = "[No Variations]"
Change component parameters (AddParameter): Name = "SuppliersPartNumber"; Value = "C49678"; VariantName = "[No Variations]"
Change component parameters: Designator = "C38"; Footprint = "0805_C"; UniqueID = "\RQLGVMVS"
Change component parameters. Clean all parameters for all variants
Change component parameters (AddParameter): Name = "ComponentLink1Description"; Value = "供应商链接"; VariantName = "[No Variations]"
Change component parameters (AddParameter): Name = "ComponentLink1URL"; Value = "http://www.szlcsc.com/product/details_50686.html"; VariantName = "[No Variations]"
Change component parameters (AddParameter): Name = "Notepad"; Value = ""; VariantName = "[No Variations]"
Change component parameters (AddParameter): Name = "Package"; Value = "0805"; VariantName = "[No Variations]"
Change component parameters (AddParameter): Name = "Supplier"; Value = "LC"; VariantName = "[No Variations]"
Change component parameters (AddParameter): Name = "SuppliersPartNumber"; Value = "C49678"; VariantName = "[No Variations]"
Change component parameters: Designator = "C39"; Footprint = "0805_C"; UniqueID = "\PTWSOXOO"
Change component parameters. Clean all parameters for all variants
Change component parameters (AddParameter): Name = "ComponentLink1Description"; Value = "供应商链接"; VariantName = "[No Variations]"
Change component parameters (AddParameter): Name = "ComponentLink1URL"; Value = "http://www.szlcsc.com/product/details_50686.html"; VariantName = "[No Variations]"
Change component parameters (AddParameter): Name = "Notepad"; Value = ""; VariantName = "[No Variations]"
Change component parameters (AddParameter): Name = "Package"; Value = "0805"; VariantName = "[No Variations]"
Change component parameters (AddParameter): Name = "Supplier"; Value = "LC"; VariantName = "[No Variations]"
Change component parameters (AddParameter): Name = "SuppliersPartNumber"; Value = "C49678"; VariantName = "[No Variations]"
Change component parameters: Designator = "D1"; Footprint = "SMC(DO-214AB)_S1"; UniqueID = "\AXTHUFGF"
Change component parameters. Clean all parameters for all variants
Change component parameters (AddParameter): Name = "ComponentLink1Description"; Value = "供应商链接"; VariantName = "[No Variations]"
Change component parameters (AddParameter): Name = "ComponentLink1URL"; Value = "http://www.szlcsc.com/product/details_36698.html"; VariantName = "[No Variations]"
Change component parameters (AddParameter): Name = "Notepad"; Value = ""; VariantName = "[No Variations]"
Change component parameters (AddParameter): Name = "Package"; Value = "SMC(DO-214AB)"; VariantName = "[No Variations]"
Change component parameters (AddParameter): Name = "Supplier"; Value = "LC"; VariantName = "[No Variations]"
Change component parameters (AddParameter): Name = "SuppliersPartNumber"; Value = "C35722"; VariantName = "[No Variations]"
Change component parameters: Designator = "D2"; Footprint = "SMC(DO-214AB)_S1"; UniqueID = "\UIPSBHDI"
Change component parameters. Clean all parameters for all variants
Change component parameters (AddParameter): Name = "ComponentLink1Description"; Value = "供应商链接"; VariantName = "[No Variations]"
Change component parameters (AddParameter): Name = "ComponentLink1URL"; Value = "http://www.szlcsc.com/product/details_36698.html"; VariantName = "[No Variations]"
Change component parameters (AddParameter): Name = "Notepad"; Value = ""; VariantName = "[No Variations]"
Change component parameters (AddParameter): Name = "Package"; Value = "SMC(DO-214AB)"; VariantName = "[No Variations]"
Change component parameters (AddParameter): Name = "Supplier"; Value = "LC"; VariantName = "[No Variations]"
Change component parameters (AddParameter): Name = "SuppliersPartNumber"; Value = "C35722"; VariantName = "[No Variations]"
Change component parameters: Designator = "D3"; Footprint = "SMC(DO-214AB)_S1"; UniqueID = "\IWMSYJVR"
Change component parameters. Clean all parameters for all variants
Change component parameters (AddParameter): Name = "ComponentLink1Description"; Value = "供应商链接"; VariantName = "[No Variations]"
Change component parameters (AddParameter): Name = "ComponentLink1URL"; Value = "http://www.szlcsc.com/product/details_36698.html"; VariantName = "[No Variations]"
Change component parameters (AddParameter): Name = "Notepad"; Value = ""; VariantName = "[No Variations]"
Change component parameters (AddParameter): Name = "Package"; Value = "SMC(DO-214AB)"; VariantName = "[No Variations]"
Change component parameters (AddParameter): Name = "Supplier"; Value = "LC"; VariantName = "[No Variations]"
Change component parameters (AddParameter): Name = "SuppliersPartNumber"; Value = "C35722"; VariantName = "[No Variations]"
Change component parameters: Designator = "L4"; Footprint = "0805_L"; UniqueID = "\YRKXUPXO"
Change component parameters. Clean all parameters for all variants
Change component parameters (AddParameter): Name = "ComponentLink1Description"; Value = "供应商链接"; VariantName = "[No Variations]"
Change component parameters (AddParameter): Name = "ComponentLink1URL"; Value = "http://www.szlcsc.com/product/details_1398.html"; VariantName = "[No Variations]"
Change component parameters (AddParameter): Name = "Notepad"; Value = ""; VariantName = "[No Variations]"
Change component parameters (AddParameter): Name = "Package"; Value = "0805"; VariantName = "[No Variations]"
Change component parameters (AddParameter): Name = "Supplier"; Value = "LC"; VariantName = "[No Variations]"
Change component parameters (AddParameter): Name = "SuppliersPartNumber"; Value = "C1046"; VariantName = "[No Variations]"
Change component parameters: Designator = "L6"; Footprint = "0805_L"; UniqueID = "\NJCJMBHJ"
Change component parameters. Clean all parameters for all variants
Change component parameters (AddParameter): Name = "ComponentLink1Description"; Value = "供应商链接"; VariantName = "[No Variations]"
Change component parameters (AddParameter): Name = "ComponentLink1URL"; Value = "http://www.szlcsc.com/product/details_1398.html"; VariantName = "[No Variations]"
Change component parameters (AddParameter): Name = "Notepad"; Value = ""; VariantName = "[No Variations]"
Change component parameters (AddParameter): Name = "Package"; Value = "0805"; VariantName = "[No Variations]"
Change component parameters (AddParameter): Name = "Supplier"; Value = "LC"; VariantName = "[No Variations]"
Change component parameters (AddParameter): Name = "SuppliersPartNumber"; Value = "C1046"; VariantName = "[No Variations]"
Change component parameters: Designator = "U8"; Footprint = "TO-263-5"; UniqueID = "\AHLTRQKD"
Change component parameters. Clean all parameters for all variants
Change component parameters (AddParameter): Name = "ComponentLink1Description"; Value = "供应商链接"; VariantName = "[No Variations]"
Change component parameters (AddParameter): Name = "ComponentLink1URL"; Value = "http://www.szlcsc.com/product/details_10538.html"; VariantName = "[No Variations]"
Change component parameters (AddParameter): Name = "Notepad"; Value = ""; VariantName = "[No Variations]"
Change component parameters (AddParameter): Name = "Package"; Value = "TO-263-5"; VariantName = "[No Variations]"
Change component parameters (AddParameter): Name = "Supplier"; Value = "LC"; VariantName = "[No Variations]"
Change component parameters (AddParameter): Name = "SuppliersPartNumber"; Value = "C10002"; VariantName = "[No Variations]"
Change component parameters: Designator = "U9"; Footprint = "SOT-223"; UniqueID = "\MYXSGGGR"
Change component parameters. Clean all parameters for all variants
Change component parameters (AddParameter): Name = "ComponentLink1Description"; Value = "供应商链接"; VariantName = "[No Variations]"
Change component parameters (AddParameter): Name = "ComponentLink1URL"; Value = "http://www.szlcsc.com/product/details_6652.html"; VariantName = "[No Variations]"
Change component parameters (AddParameter): Name = "Notepad"; Value = ""; VariantName = "[No Variations]"
Change component parameters (AddParameter): Name = "Package"; Value = "SOT-223"; VariantName = "[No Variations]"
Change component parameters (AddParameter): Name = "Supplier"; Value = "LC"; VariantName = "[No Variations]"
Change component parameters (AddParameter): Name = "SuppliersPartNumber"; Value = "C6186"; VariantName = "[No Variations]"
Change component parameters: Designator = "C31"; Footprint = "RB-220T"; UniqueID = "\NXSHZDLU"
Change component parameters. Clean all parameters for all variants
Change component parameters (AddParameter): Name = "ComponentLink1Description"; Value = "ErpDataInfo"; VariantName = "[No Variations]"
Change component parameters (AddParameter): Name = "ComponentLink1URL"; Value = "http://192.168.0.2:8012/ErpExt/ErpData/ListMateriel.aspx?pkey=1.02.06.0002"; VariantName = "[No Variations]"
Change component parameters (AddParameter): Name = "RoHS"; Value = "RoHS"; VariantName = "[No Variations]"
Change component parameters (AddParameter): Name = "Value"; Value = "220μF"; VariantName = "[No Variations]"
Change component parameters (AddParameter): Name = "厂商"; Value = "珠海华冠"; VariantName = "[No Variations]"
Change component parameters (AddParameter): Name = "名称"; Value = "V型铝电解电容"; VariantName = "[No Variations]"
Change component parameters (AddParameter): Name = "物料代码"; Value = "1.02.06.0002"; VariantName = "[No Variations]"
Change component parameters (AddParameter): Name = "现有库存"; Value = "4627"; VariantName = "[No Variations]"
Change component parameters (AddParameter): Name = "规格型号"; Value = "220μF,16V,Ф6.3×7.7mm,,珠海华冠,RoHS"; VariantName = "[No Variations]"
Change component parameters (AddParameter): Name = "贴片和直插"; Value = "SMT"; VariantName = "[No Variations]"
Change component parameters: Designator = "C5"; Footprint = "0805"; UniqueID = "\BNHQKHSR"
Change component parameters. Clean all parameters for all variants
Change component parameters (AddParameter): Name = "ComponentLink1Description"; Value = "ErpDataInfo"; VariantName = "[No Variations]"
Change component parameters (AddParameter): Name = "ComponentLink1URL"; Value = "http://192.168.0.2:8012/ErpExt/ErpData/ListMateriel.aspx?pkey=1.02.01.0032"; VariantName = "[No Variations]"
Change component parameters (AddParameter): Name = "RoHS"; Value = "RoHS"; VariantName = "[No Variations]"
Change component parameters (AddParameter): Name = "Value"; Value = "0.1uf"; VariantName = "[No Variations]"
Change component parameters (AddParameter): Name = "名称"; Value = "电容"; VariantName = "[No Variations]"
Change component parameters (AddParameter): Name = "封装"; Value = "0603"; VariantName = "[No Variations]"
Change component parameters (AddParameter): Name = "物料代码"; Value = "1.02.01.0032"; VariantName = "[No Variations]"
Change component parameters (AddParameter): Name = "现有库存"; Value = "1572305"; VariantName = "[No Variations]"
Change component parameters (AddParameter): Name = "规格型号"; Value = "104,±10%,50V,X7R,0603,*,RoHS"; VariantName = "[No Variations]"
Change component parameters (AddParameter): Name = "设备封装名称"; Value = "C0603_104_X7R_50V_10%"; VariantName = "[No Variations]"
Change component parameters (AddParameter): Name = "贴片和直插"; Value = "SMT"; VariantName = "[No Variations]"
Change component parameters: Designator = "C6"; Footprint = "0805"; UniqueID = "\RCAWPANH"
Change component parameters. Clean all parameters for all variants
Change component parameters (AddParameter): Name = "ComponentLink1Description"; Value = "ErpDataInfo"; VariantName = "[No Variations]"
Change component parameters (AddParameter): Name = "ComponentLink1URL"; Value = "http://192.168.0.2:8012/ErpExt/ErpData/ListMateriel.aspx?pkey=1.02.01.0032"; VariantName = "[No Variations]"
Change component parameters (AddParameter): Name = "RoHS"; Value = "RoHS"; VariantName = "[No Variations]"
Change component parameters (AddParameter): Name = "Value"; Value = "0.1uf"; VariantName = "[No Variations]"
Change component parameters (AddParameter): Name = "名称"; Value = "电容"; VariantName = "[No Variations]"
Change component parameters (AddParameter): Name = "封装"; Value = "0603"; VariantName = "[No Variations]"
Change component parameters (AddParameter): Name = "物料代码"; Value = "1.02.01.0032"; VariantName = "[No Variations]"
Change component parameters (AddParameter): Name = "现有库存"; Value = "1572305"; VariantName = "[No Variations]"
Change component parameters (AddParameter): Name = "规格型号"; Value = "104,±10%,50V,X7R,0603,*,RoHS"; VariantName = "[No Variations]"
Change component parameters (AddParameter): Name = "设备封装名称"; Value = "C0603_104_X7R_50V_10%"; VariantName = "[No Variations]"
Change component parameters (AddParameter): Name = "贴片和直插"; Value = "SMT"; VariantName = "[No Variations]"
Change component parameters: Designator = "C7"; Footprint = "0805"; UniqueID = "\FSZGRLQI"
Change component parameters. Clean all parameters for all variants
Change component parameters (AddParameter): Name = "ComponentLink1Description"; Value = "ErpDataInfo"; VariantName = "[No Variations]"
Change component parameters (AddParameter): Name = "ComponentLink1URL"; Value = "http://192.168.0.2:8012/ErpExt/ErpData/ListMateriel.aspx?pkey=1.02.01.0032"; VariantName = "[No Variations]"
Change component parameters (AddParameter): Name = "RoHS"; Value = "RoHS"; VariantName = "[No Variations]"
Change component parameters (AddParameter): Name = "Value"; Value = "0.1uf"; VariantName = "[No Variations]"
Change component parameters (AddParameter): Name = "名称"; Value = "电容"; VariantName = "[No Variations]"
Change component parameters (AddParameter): Name = "封装"; Value = "0603"; VariantName = "[No Variations]"
Change component parameters (AddParameter): Name = "物料代码"; Value = "1.02.01.0032"; VariantName = "[No Variations]"
Change component parameters (AddParameter): Name = "现有库存"; Value = "1572305"; VariantName = "[No Variations]"
Change component parameters (AddParameter): Name = "规格型号"; Value = "104,±10%,50V,X7R,0603,*,RoHS"; VariantName = "[No Variations]"
Change component parameters (AddParameter): Name = "设备封装名称"; Value = "C0603_104_X7R_50V_10%"; VariantName = "[No Variations]"
Change component parameters (AddParameter): Name = "贴片和直插"; Value = "SMT"; VariantName = "[No Variations]"
Change component parameters: Designator = "C8"; Footprint = "0805"; UniqueID = "\TNFWNDNB"
Change component parameters. Clean all parameters for all variants
Change component parameters (AddParameter): Name = "ComponentLink1Description"; Value = "ErpDataInfo"; VariantName = "[No Variations]"
Change component parameters (AddParameter): Name = "ComponentLink1URL"; Value = "http://192.168.0.2:8012/ErpExt/ErpData/ListMateriel.aspx?pkey=1.02.01.0032"; VariantName = "[No Variations]"
Change component parameters (AddParameter): Name = "RoHS"; Value = "RoHS"; VariantName = "[No Variations]"
Change component parameters (AddParameter): Name = "Value"; Value = "0.1uf"; VariantName = "[No Variations]"
Change component parameters (AddParameter): Name = "名称"; Value = "电容"; VariantName = "[No Variations]"
Change component parameters (AddParameter): Name = "封装"; Value = "0603"; VariantName = "[No Variations]"
Change component parameters (AddParameter): Name = "物料代码"; Value = "1.02.01.0032"; VariantName = "[No Variations]"
Change component parameters (AddParameter): Name = "现有库存"; Value = "1572305"; VariantName = "[No Variations]"
Change component parameters (AddParameter): Name = "规格型号"; Value = "104,±10%,50V,X7R,0603,*,RoHS"; VariantName = "[No Variations]"
Change component parameters (AddParameter): Name = "设备封装名称"; Value = "C0603_104_X7R_50V_10%"; VariantName = "[No Variations]"
Change component parameters (AddParameter): Name = "贴片和直插"; Value = "SMT"; VariantName = "[No Variations]"
Change component parameters: Designator = "C9"; Footprint = "0805"; UniqueID = "\JRGTOSUO"
Change component parameters. Clean all parameters for all variants
Change component parameters (AddParameter): Name = "ComponentLink1Description"; Value = "ErpDataInfo"; VariantName = "[No Variations]"
Change component parameters (AddParameter): Name = "ComponentLink1URL"; Value = "http://192.168.0.2:8012/ErpExt/ErpData/ListMateriel.aspx?pkey=1.02.01.0032"; VariantName = "[No Variations]"
Change component parameters (AddParameter): Name = "RoHS"; Value = "RoHS"; VariantName = "[No Variations]"
Change component parameters (AddParameter): Name = "Value"; Value = "0.1uf"; VariantName = "[No Variations]"
Change component parameters (AddParameter): Name = "名称"; Value = "电容"; VariantName = "[No Variations]"
Change component parameters (AddParameter): Name = "封装"; Value = "0603"; VariantName = "[No Variations]"
Change component parameters (AddParameter): Name = "物料代码"; Value = "1.02.01.0032"; VariantName = "[No Variations]"
Change component parameters (AddParameter): Name = "现有库存"; Value = "1572305"; VariantName = "[No Variations]"
Change component parameters (AddParameter): Name = "规格型号"; Value = "104,±10%,50V,X7R,0603,*,RoHS"; VariantName = "[No Variations]"
Change component parameters (AddParameter): Name = "设备封装名称"; Value = "C0603_104_X7R_50V_10%"; VariantName = "[No Variations]"
Change component parameters (AddParameter): Name = "贴片和直插"; Value = "SMT"; VariantName = "[No Variations]"
Change component parameters: Designator = "C10"; Footprint = "0805"; UniqueID = "\IUWQTLSN"
Change component parameters. Clean all parameters for all variants
Change component parameters (AddParameter): Name = "ComponentLink1Description"; Value = "ErpDataInfo"; VariantName = "[No Variations]"
Change component parameters (AddParameter): Name = "ComponentLink1URL"; Value = "http://192.168.0.2:8012/ErpExt/ErpData/ListMateriel.aspx?pkey=1.02.01.0032"; VariantName = "[No Variations]"
Change component parameters (AddParameter): Name = "RoHS"; Value = "RoHS"; VariantName = "[No Variations]"
Change component parameters (AddParameter): Name = "Value"; Value = "0.1uf"; VariantName = "[No Variations]"
Change component parameters (AddParameter): Name = "名称"; Value = "电容"; VariantName = "[No Variations]"
Change component parameters (AddParameter): Name = "封装"; Value = "0603"; VariantName = "[No Variations]"
Change component parameters (AddParameter): Name = "物料代码"; Value = "1.02.01.0032"; VariantName = "[No Variations]"
Change component parameters (AddParameter): Name = "现有库存"; Value = "1572305"; VariantName = "[No Variations]"
Change component parameters (AddParameter): Name = "规格型号"; Value = "104,±10%,50V,X7R,0603,*,RoHS"; VariantName = "[No Variations]"
Change component parameters (AddParameter): Name = "设备封装名称"; Value = "C0603_104_X7R_50V_10%"; VariantName = "[No Variations]"
Change component parameters (AddParameter): Name = "贴片和直插"; Value = "SMT"; VariantName = "[No Variations]"
Change component parameters: Designator = "C21"; Footprint = "0805"; UniqueID = "\UQSZNUBN"
Change component parameters. Clean all parameters for all variants
Change component parameters (AddParameter): Name = "ComponentLink1Description"; Value = "ErpDataInfo"; VariantName = "[No Variations]"
Change component parameters (AddParameter): Name = "ComponentLink1URL"; Value = "http://192.168.0.2:8012/ErpExt/ErpData/ListMateriel.aspx?pkey=1.02.01.0032"; VariantName = "[No Variations]"
Change component parameters (AddParameter): Name = "RoHS"; Value = "RoHS"; VariantName = "[No Variations]"
Change component parameters (AddParameter): Name = "Value"; Value = "0.1uf"; VariantName = "[No Variations]"
Change component parameters (AddParameter): Name = "名称"; Value = "电容"; VariantName = "[No Variations]"
Change component parameters (AddParameter): Name = "封装"; Value = "0603"; VariantName = "[No Variations]"
Change component parameters (AddParameter): Name = "物料代码"; Value = "1.02.01.0032"; VariantName = "[No Variations]"
Change component parameters (AddParameter): Name = "现有库存"; Value = "1572305"; VariantName = "[No Variations]"
Change component parameters (AddParameter): Name = "规格型号"; Value = "104,±10%,50V,X7R,0603,*,RoHS"; VariantName = "[No Variations]"
Change component parameters (AddParameter): Name = "设备封装名称"; Value = "C0603_104_X7R_50V_10%"; VariantName = "[No Variations]"
Change component parameters (AddParameter): Name = "贴片和直插"; Value = "SMT"; VariantName = "[No Variations]"
Change component parameters: Designator = "C22"; Footprint = "0805"; UniqueID = "\NTTRXJFU"
Change component parameters. Clean all parameters for all variants
Change component parameters (AddParameter): Name = "ComponentLink1Description"; Value = "ErpDataInfo"; VariantName = "[No Variations]"
Change component parameters (AddParameter): Name = "ComponentLink1URL"; Value = "http://192.168.0.2:8012/ErpExt/ErpData/ListMateriel.aspx?pkey=1.02.01.0032"; VariantName = "[No Variations]"
Change component parameters (AddParameter): Name = "RoHS"; Value = "RoHS"; VariantName = "[No Variations]"
Change component parameters (AddParameter): Name = "Value"; Value = "10uf"; VariantName = "[No Variations]"
Change component parameters (AddParameter): Name = "名称"; Value = "电容"; VariantName = "[No Variations]"
Change component parameters (AddParameter): Name = "封装"; Value = "0603"; VariantName = "[No Variations]"
Change component parameters (AddParameter): Name = "物料代码"; Value = "1.02.01.0032"; VariantName = "[No Variations]"
Change component parameters (AddParameter): Name = "现有库存"; Value = "1572305"; VariantName = "[No Variations]"
Change component parameters (AddParameter): Name = "规格型号"; Value = "104,±10%,50V,X7R,0603,*,RoHS"; VariantName = "[No Variations]"
Change component parameters (AddParameter): Name = "设备封装名称"; Value = "C0603_104_X7R_50V_10%"; VariantName = "[No Variations]"
Change component parameters (AddParameter): Name = "贴片和直插"; Value = "SMT"; VariantName = "[No Variations]"
Change component parameters: Designator = "C23"; Footprint = "0805"; UniqueID = "\LKBFIWGV"
Change component parameters. Clean all parameters for all variants
Change component parameters (AddParameter): Name = "ComponentLink1Description"; Value = "ErpDataInfo"; VariantName = "[No Variations]"
Change component parameters (AddParameter): Name = "ComponentLink1URL"; Value = "http://192.168.0.2:8012/ErpExt/ErpData/ListMateriel.aspx?pkey=1.02.01.0032"; VariantName = "[No Variations]"
Change component parameters (AddParameter): Name = "RoHS"; Value = "RoHS"; VariantName = "[No Variations]"
Change component parameters (AddParameter): Name = "Value"; Value = "0.1uf"; VariantName = "[No Variations]"
Change component parameters (AddParameter): Name = "名称"; Value = "电容"; VariantName = "[No Variations]"
Change component parameters (AddParameter): Name = "封装"; Value = "0603"; VariantName = "[No Variations]"
Change component parameters (AddParameter): Name = "物料代码"; Value = "1.02.01.0032"; VariantName = "[No Variations]"
Change component parameters (AddParameter): Name = "现有库存"; Value = "1572305"; VariantName = "[No Variations]"
Change component parameters (AddParameter): Name = "规格型号"; Value = "104,±10%,50V,X7R,0603,*,RoHS"; VariantName = "[No Variations]"
Change component parameters (AddParameter): Name = "设备封装名称"; Value = "C0603_104_X7R_50V_10%"; VariantName = "[No Variations]"
Change component parameters (AddParameter): Name = "贴片和直插"; Value = "SMT"; VariantName = "[No Variations]"
Change component parameters: Designator = "C24"; Footprint = "0805"; UniqueID = "\GGXTYOOL"
Change component parameters. Clean all parameters for all variants
Change component parameters (AddParameter): Name = "ComponentLink1Description"; Value = "ErpDataInfo"; VariantName = "[No Variations]"
Change component parameters (AddParameter): Name = "ComponentLink1URL"; Value = "http://192.168.0.2:8012/ErpExt/ErpData/ListMateriel.aspx?pkey=1.02.01.0032"; VariantName = "[No Variations]"
Change component parameters (AddParameter): Name = "RoHS"; Value = "RoHS"; VariantName = "[No Variations]"
Change component parameters (AddParameter): Name = "Value"; Value = "10uf"; VariantName = "[No Variations]"
Change component parameters (AddParameter): Name = "名称"; Value = "电容"; VariantName = "[No Variations]"
Change component parameters (AddParameter): Name = "封装"; Value = "0603"; VariantName = "[No Variations]"
Change component parameters (AddParameter): Name = "物料代码"; Value = "1.02.01.0032"; VariantName = "[No Variations]"
Change component parameters (AddParameter): Name = "现有库存"; Value = "1572305"; VariantName = "[No Variations]"
Change component parameters (AddParameter): Name = "规格型号"; Value = "104,±10%,50V,X7R,0603,*,RoHS"; VariantName = "[No Variations]"
Change component parameters (AddParameter): Name = "设备封装名称"; Value = "C0603_104_X7R_50V_10%"; VariantName = "[No Variations]"
Change component parameters (AddParameter): Name = "贴片和直插"; Value = "SMT"; VariantName = "[No Variations]"
Change component parameters: Designator = "C27"; Footprint = "0805"; UniqueID = "\NCRPZVQK"
Change component parameters. Clean all parameters for all variants
Change component parameters (AddParameter): Name = "ComponentLink1Description"; Value = "ErpDataInfo"; VariantName = "[No Variations]"
Change component parameters (AddParameter): Name = "ComponentLink1URL"; Value = "http://192.168.0.2:8012/ErpExt/ErpData/ListMateriel.aspx?pkey=1.02.01.0032"; VariantName = "[No Variations]"
Change component parameters (AddParameter): Name = "RoHS"; Value = "RoHS"; VariantName = "[No Variations]"
Change component parameters (AddParameter): Name = "Value"; Value = "10uf"; VariantName = "[No Variations]"
Change component parameters (AddParameter): Name = "名称"; Value = "电容"; VariantName = "[No Variations]"
Change component parameters (AddParameter): Name = "封装"; Value = "0603"; VariantName = "[No Variations]"
Change component parameters (AddParameter): Name = "物料代码"; Value = "1.02.01.0032"; VariantName = "[No Variations]"
Change component parameters (AddParameter): Name = "现有库存"; Value = "1572305"; VariantName = "[No Variations]"
Change component parameters (AddParameter): Name = "规格型号"; Value = "104,±10%,50V,X7R,0603,*,RoHS"; VariantName = "[No Variations]"
Change component parameters (AddParameter): Name = "设备封装名称"; Value = "C0603_104_X7R_50V_10%"; VariantName = "[No Variations]"
Change component parameters (AddParameter): Name = "贴片和直插"; Value = "SMT"; VariantName = "[No Variations]"
Change component parameters: Designator = "C28"; Footprint = "0805"; UniqueID = "\BQXXPIZU"
Change component parameters. Clean all parameters for all variants
Change component parameters (AddParameter): Name = "ComponentLink1Description"; Value = "ErpDataInfo"; VariantName = "[No Variations]"
Change component parameters (AddParameter): Name = "ComponentLink1URL"; Value = "http://192.168.0.2:8012/ErpExt/ErpData/ListMateriel.aspx?pkey=1.02.01.0032"; VariantName = "[No Variations]"
Change component parameters (AddParameter): Name = "RoHS"; Value = "RoHS"; VariantName = "[No Variations]"
Change component parameters (AddParameter): Name = "Value"; Value = "0.1uf"; VariantName = "[No Variations]"
Change component parameters (AddParameter): Name = "名称"; Value = "电容"; VariantName = "[No Variations]"
Change component parameters (AddParameter): Name = "封装"; Value = "0603"; VariantName = "[No Variations]"
Change component parameters (AddParameter): Name = "物料代码"; Value = "1.02.01.0032"; VariantName = "[No Variations]"
Change component parameters (AddParameter): Name = "现有库存"; Value = "1572305"; VariantName = "[No Variations]"
Change component parameters (AddParameter): Name = "规格型号"; Value = "104,±10%,50V,X7R,0603,*,RoHS"; VariantName = "[No Variations]"
Change component parameters (AddParameter): Name = "设备封装名称"; Value = "C0603_104_X7R_50V_10%"; VariantName = "[No Variations]"
Change component parameters (AddParameter): Name = "贴片和直插"; Value = "SMT"; VariantName = "[No Variations]"
Change component parameters: Designator = "C29"; Footprint = "0805"; UniqueID = "\LFELQIGK"
Change component parameters. Clean all parameters for all variants
Change component parameters (AddParameter): Name = "ComponentLink1Description"; Value = "ErpDataInfo"; VariantName = "[No Variations]"
Change component parameters (AddParameter): Name = "ComponentLink1URL"; Value = "http://192.168.0.2:8012/ErpExt/ErpData/ListMateriel.aspx?pkey=1.02.01.0032"; VariantName = "[No Variations]"
Change component parameters (AddParameter): Name = "RoHS"; Value = "RoHS"; VariantName = "[No Variations]"
Change component parameters (AddParameter): Name = "Value"; Value = "0.1uf"; VariantName = "[No Variations]"
Change component parameters (AddParameter): Name = "名称"; Value = "电容"; VariantName = "[No Variations]"
Change component parameters (AddParameter): Name = "封装"; Value = "0603"; VariantName = "[No Variations]"
Change component parameters (AddParameter): Name = "物料代码"; Value = "1.02.01.0032"; VariantName = "[No Variations]"
Change component parameters (AddParameter): Name = "现有库存"; Value = "1572305"; VariantName = "[No Variations]"
Change component parameters (AddParameter): Name = "规格型号"; Value = "104,±10%,50V,X7R,0603,*,RoHS"; VariantName = "[No Variations]"
Change component parameters (AddParameter): Name = "设备封装名称"; Value = "C0603_104_X7R_50V_10%"; VariantName = "[No Variations]"
Change component parameters (AddParameter): Name = "贴片和直插"; Value = "SMT"; VariantName = "[No Variations]"
Change component parameters: Designator = "C30"; Footprint = "0805"; UniqueID = "\OIOGZOUL"
Change component parameters. Clean all parameters for all variants
Change component parameters (AddParameter): Name = "ComponentLink1Description"; Value = "ErpDataInfo"; VariantName = "[No Variations]"
Change component parameters (AddParameter): Name = "ComponentLink1URL"; Value = "http://192.168.0.2:8012/ErpExt/ErpData/ListMateriel.aspx?pkey=1.02.01.0032"; VariantName = "[No Variations]"
Change component parameters (AddParameter): Name = "RoHS"; Value = "RoHS"; VariantName = "[No Variations]"
Change component parameters (AddParameter): Name = "Value"; Value = "10uf"; VariantName = "[No Variations]"
Change component parameters (AddParameter): Name = "名称"; Value = "电容"; VariantName = "[No Variations]"
Change component parameters (AddParameter): Name = "封装"; Value = "0603"; VariantName = "[No Variations]"
Change component parameters (AddParameter): Name = "物料代码"; Value = "1.02.01.0032"; VariantName = "[No Variations]"
Change component parameters (AddParameter): Name = "现有库存"; Value = "1572305"; VariantName = "[No Variations]"
Change component parameters (AddParameter): Name = "规格型号"; Value = "104,±10%,50V,X7R,0603,*,RoHS"; VariantName = "[No Variations]"
Change component parameters (AddParameter): Name = "设备封装名称"; Value = "C0603_104_X7R_50V_10%"; VariantName = "[No Variations]"
Change component parameters (AddParameter): Name = "贴片和直插"; Value = "SMT"; VariantName = "[No Variations]"
Change component parameters: Designator = "C32"; Footprint = "0805"; UniqueID = "\YHNFTBBU"
Change component parameters. Clean all parameters for all variants
Change component parameters (AddParameter): Name = "ComponentLink1Description"; Value = "ErpDataInfo"; VariantName = "[No Variations]"
Change component parameters (AddParameter): Name = "ComponentLink1URL"; Value = "http://192.168.0.2:8012/ErpExt/ErpData/ListMateriel.aspx?pkey=1.02.01.0032"; VariantName = "[No Variations]"
Change component parameters (AddParameter): Name = "RoHS"; Value = "RoHS"; VariantName = "[No Variations]"
Change component parameters (AddParameter): Name = "Value"; Value = "0.1uf"; VariantName = "[No Variations]"
Change component parameters (AddParameter): Name = "名称"; Value = "电容"; VariantName = "[No Variations]"
Change component parameters (AddParameter): Name = "封装"; Value = "0603"; VariantName = "[No Variations]"
Change component parameters (AddParameter): Name = "物料代码"; Value = "1.02.01.0032"; VariantName = "[No Variations]"
Change component parameters (AddParameter): Name = "现有库存"; Value = "1572305"; VariantName = "[No Variations]"
Change component parameters (AddParameter): Name = "规格型号"; Value = "104,±10%,50V,X7R,0603,*,RoHS"; VariantName = "[No Variations]"
Change component parameters (AddParameter): Name = "设备封装名称"; Value = "C0603_104_X7R_50V_10%"; VariantName = "[No Variations]"
Change component parameters (AddParameter): Name = "贴片和直插"; Value = "SMT"; VariantName = "[No Variations]"
Change component parameters: Designator = "C34"; Footprint = "0805"; UniqueID = "\SHFTMSRN"
Change component parameters. Clean all parameters for all variants
Change component parameters (AddParameter): Name = "ComponentLink1Description"; Value = "ErpDataInfo"; VariantName = "[No Variations]"
Change component parameters (AddParameter): Name = "ComponentLink1URL"; Value = "http://192.168.0.2:8012/ErpExt/ErpData/ListMateriel.aspx?pkey=1.02.01.0032"; VariantName = "[No Variations]"
Change component parameters (AddParameter): Name = "RoHS"; Value = "RoHS"; VariantName = "[No Variations]"
Change component parameters (AddParameter): Name = "Value"; Value = "0.1uf"; VariantName = "[No Variations]"
Change component parameters (AddParameter): Name = "名称"; Value = "电容"; VariantName = "[No Variations]"
Change component parameters (AddParameter): Name = "封装"; Value = "0603"; VariantName = "[No Variations]"
Change component parameters (AddParameter): Name = "物料代码"; Value = "1.02.01.0032"; VariantName = "[No Variations]"
Change component parameters (AddParameter): Name = "现有库存"; Value = "1572305"; VariantName = "[No Variations]"
Change component parameters (AddParameter): Name = "规格型号"; Value = "104,±10%,50V,X7R,0603,*,RoHS"; VariantName = "[No Variations]"
Change component parameters (AddParameter): Name = "设备封装名称"; Value = "C0603_104_X7R_50V_10%"; VariantName = "[No Variations]"
Change component parameters (AddParameter): Name = "贴片和直插"; Value = "SMT"; VariantName = "[No Variations]"
Change component parameters: Designator = "R5"; Footprint = "0805R"; UniqueID = "\MNZWOFEU"
Change component parameters. Clean all parameters for all variants
Change component parameters (AddParameter): Name = "ComponentLink1Description"; Value = "ErpDataInfo"; VariantName = "[No Variations]"
Change component parameters (AddParameter): Name = "ComponentLink1URL"; Value = "http://192.168.0.2:8012/ErpExt/ErpData/ListMateriel.aspx?pkey=1.01.02.0001"; VariantName = "[No Variations]"
Change component parameters (AddParameter): Name = "RoHS"; Value = "RoHS"; VariantName = "[No Variations]"
Change component parameters (AddParameter): Name = "Value"; Value = "0Ω"; VariantName = "[No Variations]"
Change component parameters (AddParameter): Name = "名称"; Value = "电阻"; VariantName = "[No Variations]"
Change component parameters (AddParameter): Name = "封装"; Value = "0805"; VariantName = "[No Variations]"
Change component parameters (AddParameter): Name = "物料代码"; Value = "1.01.02.0001"; VariantName = "[No Variations]"
Change component parameters (AddParameter): Name = "现有库存"; Value = "251744"; VariantName = "[No Variations]"
Change component parameters (AddParameter): Name = "规格型号"; Value = "0Ω,0805,*,RoHS"; VariantName = "[No Variations]"
Change component parameters (AddParameter): Name = "设备封装名称"; Value = "R0805_0R"; VariantName = "[No Variations]"
Change component parameters (AddParameter): Name = "贴片和直插"; Value = "SMT"; VariantName = "[No Variations]"
Change component parameters: Designator = "R7"; Footprint = "0805R"; UniqueID = "\QOXEXPUA"
Change component parameters. Clean all parameters for all variants
Change component parameters (AddParameter): Name = "ComponentLink1Description"; Value = "ErpDataInfo"; VariantName = "[No Variations]"
Change component parameters (AddParameter): Name = "ComponentLink1URL"; Value = "http://192.168.0.2:8012/ErpExt/ErpData/ListMateriel.aspx?pkey=1.01.02.0001"; VariantName = "[No Variations]"
Change component parameters (AddParameter): Name = "RoHS"; Value = "RoHS"; VariantName = "[No Variations]"
Change component parameters (AddParameter): Name = "Value"; Value = "100k"; VariantName = "[No Variations]"
Change component parameters (AddParameter): Name = "名称"; Value = "电阻"; VariantName = "[No Variations]"
Change component parameters (AddParameter): Name = "封装"; Value = "0805"; VariantName = "[No Variations]"
Change component parameters (AddParameter): Name = "物料代码"; Value = "1.01.02.0001"; VariantName = "[No Variations]"
Change component parameters (AddParameter): Name = "现有库存"; Value = "251744"; VariantName = "[No Variations]"
Change component parameters (AddParameter): Name = "规格型号"; Value = "0Ω,0805,*,RoHS"; VariantName = "[No Variations]"
Change component parameters (AddParameter): Name = "设备封装名称"; Value = "R0805_0R"; VariantName = "[No Variations]"
Change component parameters (AddParameter): Name = "贴片和直插"; Value = "SMT"; VariantName = "[No Variations]"
Change component parameters: Designator = "L1"; Footprint = "LED-0805"; UniqueID = "\KYUIWTJD"
Change component parameters. Clean all parameters for all variants
Change component parameters (AddParameter): Name = "ComponentLink1Description"; Value = "ErpDataInfo"; VariantName = "[No Variations]"
Change component parameters (AddParameter): Name = "ComponentLink1URL"; Value = "http://192.168.0.2:8012/ErpExt/ErpData/ListMateriel.aspx?pkey=1.04.05.0001"; VariantName = "[No Variations]"
Change component parameters (AddParameter): Name = "RoHS"; Value = "RoHS"; VariantName = "[No Variations]"
Change component parameters (AddParameter): Name = "Value"; Value = "红色,0805"; VariantName = "[No Variations]"
Change component parameters (AddParameter): Name = "名称"; Value = "发光二极管"; VariantName = "[No Variations]"
Change component parameters (AddParameter): Name = "器件优选方案"; Value = "优先选用"; VariantName = "[No Variations]"
Change component parameters (AddParameter): Name = "封装"; Value = "0805"; VariantName = "[No Variations]"
Change component parameters (AddParameter): Name = "物料代码"; Value = "1.04.05.0001"; VariantName = "[No Variations]"
Change component parameters (AddParameter): Name = "现有库存"; Value = "41928"; VariantName = "[No Variations]"
Change component parameters (AddParameter): Name = "规格型号"; Value = "红色,0805,0805,RoHS"; VariantName = "[No Variations]"
Change component parameters (AddParameter): Name = "设备封装名称"; Value = "LED0805-RED"; VariantName = "[No Variations]"
Change component parameters (AddParameter): Name = "贴片和直插"; Value = "SMT"; VariantName = "[No Variations]"
Change component parameters: Designator = "L2"; Footprint = "LED-0805"; UniqueID = "\HEVLQXFB"
Change component parameters. Clean all parameters for all variants
Change component parameters (AddParameter): Name = "ComponentLink1Description"; Value = "ErpDataInfo"; VariantName = "[No Variations]"
Change component parameters (AddParameter): Name = "ComponentLink1URL"; Value = "http://192.168.0.2:8012/ErpExt/ErpData/ListMateriel.aspx?pkey=1.04.05.0001"; VariantName = "[No Variations]"
Change component parameters (AddParameter): Name = "RoHS"; Value = "RoHS"; VariantName = "[No Variations]"
Change component parameters (AddParameter): Name = "Value"; Value = "红色,0805"; VariantName = "[No Variations]"
Change component parameters (AddParameter): Name = "名称"; Value = "发光二极管"; VariantName = "[No Variations]"
Change component parameters (AddParameter): Name = "器件优选方案"; Value = "优先选用"; VariantName = "[No Variations]"
Change component parameters (AddParameter): Name = "封装"; Value = "0805"; VariantName = "[No Variations]"
Change component parameters (AddParameter): Name = "物料代码"; Value = "1.04.05.0001"; VariantName = "[No Variations]"
Change component parameters (AddParameter): Name = "现有库存"; Value = "41928"; VariantName = "[No Variations]"
Change component parameters (AddParameter): Name = "规格型号"; Value = "红色,0805,0805,RoHS"; VariantName = "[No Variations]"
Change component parameters (AddParameter): Name = "设备封装名称"; Value = "LED0805-RED"; VariantName = "[No Variations]"
Change component parameters (AddParameter): Name = "贴片和直插"; Value = "SMT"; VariantName = "[No Variations]"
Change component parameters: Designator = "LED1"; Footprint = "LED-0805"; UniqueID = "\NSADCXZY"
Change component parameters. Clean all parameters for all variants
Change component parameters (AddParameter): Name = "ComponentLink1Description"; Value = "ErpDataInfo"; VariantName = "[No Variations]"
Change component parameters (AddParameter): Name = "ComponentLink1URL"; Value = "http://192.168.0.2:8012/ErpExt/ErpData/ListMateriel.aspx?pkey=1.04.05.0001"; VariantName = "[No Variations]"
Change component parameters (AddParameter): Name = "RoHS"; Value = "RoHS"; VariantName = "[No Variations]"
Change component parameters (AddParameter): Name = "Value"; Value = "红色,0805"; VariantName = "[No Variations]"
Change component parameters (AddParameter): Name = "名称"; Value = "发光二极管"; VariantName = "[No Variations]"
Change component parameters (AddParameter): Name = "器件优选方案"; Value = "优先选用"; VariantName = "[No Variations]"
Change component parameters (AddParameter): Name = "封装"; Value = "0805"; VariantName = "[No Variations]"
Change component parameters (AddParameter): Name = "物料代码"; Value = "1.04.05.0001"; VariantName = "[No Variations]"
Change component parameters (AddParameter): Name = "现有库存"; Value = "41928"; VariantName = "[No Variations]"
Change component parameters (AddParameter): Name = "规格型号"; Value = "红色,0805,0805,RoHS"; VariantName = "[No Variations]"
Change component parameters (AddParameter): Name = "设备封装名称"; Value = "LED0805-RED"; VariantName = "[No Variations]"
Change component parameters (AddParameter): Name = "贴片和直插"; Value = "SMT"; VariantName = "[No Variations]"
Added Member To Class: ClassName=STM32 Member=Component L1 POWER
Added Member To Class: ClassName=STM32 Member=Component L2 POWER
