Removed Pin From Net: NetName=NetC2_2 Pin=U1-8
Removed Pin From Net: NetName=NetC3_2 Pin=U1-9
Removed Pin From Net: NetName=NetC11_2 Pin=U1-23
Removed Pin From Net: NetName=NetC12_2 Pin=U1-24
Removed Pin From Net: NetName=RESET Pin=U1-25
Removed Pin From Net: NetName=NetC19_2 Pin=U1-34
Removed Pin From Net: NetName=NetC38_2 Pin=U1-35
Removed Pin From Net: NetName=NetU1_42 Pin=U1-42
Removed Pin From Net: NetName=PA9 Pin=U1-101
Removed Pin From Net: NetName=PA10 Pin=U1-102
Removed Pin From Net: NetName=JTMS Pin=U1-105
Removed Pin From Net: NetName=JTCK Pin=U1-109
Removed Pin From Net: NetName=JTDI Pin=U1-110
Removed Pin From Net: NetName=JTDO Pin=U1-133
Removed Pin From Net: NetName=JTRST Pin=U1-134
Removed Pin From Net: NetName=NetR7_2 Pin=U1-138
Removed Pin From Net: NetName=NetR1_1 Pin=U1-139
Removed Pin From Net: NetName=NetR2_1 Pin=U1-140
Removed Member From Class: ClassName=STM32 Member=U2
Change Component Comment : Designator=U2 Old Comment=STM32F103ZET6 New Comment=STM32F103ZGT6
Change Component Designator: OldDesignator=U2 NewDesignator=U1
Added Component: Designator=C4(C-RAD-0805)
Add component. Clean all parameters for all variants
Add component (AddParameter): Name = "LatestRevisionDate"; Value = "17-Jul-2002"; VariantName = "[No Variations]"
Add component (AddParameter): Name = "LatestRevisionNote"; Value = "Re-released for DXP Platform."; VariantName = "[No Variations]"
Add component (AddParameter): Name = "PackageReference"; Value = "RAD-0.3"; VariantName = "[No Variations]"
Add component (AddParameter): Name = "Published"; Value = "8-Jun-2000"; VariantName = "[No Variations]"
Add component (AddParameter): Name = "Publisher"; Value = "Altium Limited"; VariantName = "[No Variations]"
Add component (AddParameter): Name = "Value"; Value = "100nF"; VariantName = "[No Variations]"
Added Pin To Net: NetName=NetC4_1 Pin=C4-1
Added Pin To Net: NetName=NetC4_2 Pin=C4-2
Added Pin To Net: NetName=NetC2_2 Pin=U1-8
Added Pin To Net: NetName=NetC3_2 Pin=U1-9
Added Pin To Net: NetName=NetC11_2 Pin=U1-23
Added Pin To Net: NetName=NetC12_2 Pin=U1-24
Added Pin To Net: NetName=RESET Pin=U1-25
Added Pin To Net: NetName=NetC19_2 Pin=U1-34
Added Pin To Net: NetName=NetC38_2 Pin=U1-35
Added Pin To Net: NetName=NetU1_42 Pin=U1-42
Added Pin To Net: NetName=PA9 Pin=U1-101
Added Pin To Net: NetName=PA10 Pin=U1-102
Added Pin To Net: NetName=JTMS Pin=U1-105
Added Pin To Net: NetName=JTCK Pin=U1-109
Added Pin To Net: NetName=JTDI Pin=U1-110
Added Pin To Net: NetName=JTDO Pin=U1-133
Added Pin To Net: NetName=JTRST Pin=U1-134
Added Pin To Net: NetName=NetR7_2 Pin=U1-138
Added Pin To Net: NetName=NetR1_1 Pin=U1-139
Added Pin To Net: NetName=NetR2_1 Pin=U1-140
Change Net Name : Old Net Name=NetU2_16 New Net Name=NetU1_16
Added Member To Class: ClassName=STM32 Member=Component C4 100nF
