Added Component: Designator=C1(RB-220T)
Add component. Clean all parameters for all variants
Add component (AddParameter): Name = "ComponentLink1Description"; Value = "ErpDataInfo"; VariantName = "[No Variations]"
Add component (AddParameter): Name = "ComponentLink1URL"; Value = "http://192.168.0.2:8012/ErpExt/ErpData/ListMateriel.aspx?pkey=1.02.06.0002"; VariantName = "[No Variations]"
Add component (AddParameter): Name = "RoHS"; Value = "RoHS"; VariantName = "[No Variations]"
Add component (AddParameter): Name = "Value"; Value = "220μF"; VariantName = "[No Variations]"
Add component (AddParameter): Name = "厂商"; Value = "珠海华冠"; VariantName = "[No Variations]"
Add component (AddParameter): Name = "名称"; Value = "V型铝电解电容"; VariantName = "[No Variations]"
Add component (AddParameter): Name = "物料代码"; Value = "1.02.06.0002"; VariantName = "[No Variations]"
Add component (AddParameter): Name = "现有库存"; Value = "4627"; VariantName = "[No Variations]"
Add component (AddParameter): Name = "规格型号"; Value = "470μF,16V,Ф6.3×7.7mm"; VariantName = "[No Variations]"
Add component (AddParameter): Name = "贴片和直插"; Value = "SMT"; VariantName = "[No Variations]"
Added Component: Designator=C2(0805)
Add component. Clean all parameters for all variants
Add component (AddParameter): Name = "LatestRevisionDate"; Value = "17-Jul-2002"; VariantName = "[No Variations]"
Add component (AddParameter): Name = "LatestRevisionNote"; Value = "Re-released for DXP Platform."; VariantName = "[No Variations]"
Add component (AddParameter): Name = "PackageDescription"; Value = "Radial Cap, Thru-Hole; 2 Leads; 0.3 in Pin Spacing"; VariantName = "[No Variations]"
Add component (AddParameter): Name = "PackageReference"; Value = "RAD-0.3"; VariantName = "[No Variations]"
Add component (AddParameter): Name = "Published"; Value = "8-Jun-2000"; VariantName = "[No Variations]"
Add component (AddParameter): Name = "Publisher"; Value = "Altium Limited"; VariantName = "[No Variations]"
Add component (AddParameter): Name = "Value"; Value = "100nF"; VariantName = "[No Variations]"
Added Component: Designator=C3(0805)
Add component. Clean all parameters for all variants
Add component (AddParameter): Name = "LatestRevisionDate"; Value = "17-Jul-2002"; VariantName = "[No Variations]"
Add component (AddParameter): Name = "LatestRevisionNote"; Value = "Re-released for DXP Platform."; VariantName = "[No Variations]"
Add component (AddParameter): Name = "PackageDescription"; Value = "Radial Cap, Thru-Hole; 2 Leads; 0.3 in Pin Spacing"; VariantName = "[No Variations]"
Add component (AddParameter): Name = "PackageReference"; Value = "RAD-0.3"; VariantName = "[No Variations]"
Add component (AddParameter): Name = "Published"; Value = "8-Jun-2000"; VariantName = "[No Variations]"
Add component (AddParameter): Name = "Publisher"; Value = "Altium Limited"; VariantName = "[No Variations]"
Add component (AddParameter): Name = "Value"; Value = "22nF"; VariantName = "[No Variations]"
Added Component: Designator=C4(RB-220T)
Add component. Clean all parameters for all variants
Add component (AddParameter): Name = "ComponentLink1Description"; Value = "ErpDataInfo"; VariantName = "[No Variations]"
Add component (AddParameter): Name = "ComponentLink1URL"; Value = "http://192.168.0.2:8012/ErpExt/ErpData/ListMateriel.aspx?pkey=1.02.06.0002"; VariantName = "[No Variations]"
Add component (AddParameter): Name = "RoHS"; Value = "RoHS"; VariantName = "[No Variations]"
Add component (AddParameter): Name = "Value"; Value = "220μF,16V,Ф6.3×7.7mm"; VariantName = "[No Variations]"
Add component (AddParameter): Name = "厂商"; Value = "珠海华冠"; VariantName = "[No Variations]"
Add component (AddParameter): Name = "名称"; Value = "V型铝电解电容"; VariantName = "[No Variations]"
Add component (AddParameter): Name = "物料代码"; Value = "1.02.06.0002"; VariantName = "[No Variations]"
Add component (AddParameter): Name = "现有库存"; Value = "4627"; VariantName = "[No Variations]"
Add component (AddParameter): Name = "规格型号"; Value = "220μF"; VariantName = "[No Variations]"
Add component (AddParameter): Name = "贴片和直插"; Value = "SMT"; VariantName = "[No Variations]"
Added Component: Designator=C5(RB-220T)
Add component. Clean all parameters for all variants
Add component (AddParameter): Name = "ComponentLink1Description"; Value = "ErpDataInfo"; VariantName = "[No Variations]"
Add component (AddParameter): Name = "ComponentLink1URL"; Value = "http://192.168.0.2:8012/ErpExt/ErpData/ListMateriel.aspx?pkey=1.02.06.0002"; VariantName = "[No Variations]"
Add component (AddParameter): Name = "RoHS"; Value = "RoHS"; VariantName = "[No Variations]"
Add component (AddParameter): Name = "Value"; Value = "220μF,16V,Ф6.3×7.7mm"; VariantName = "[No Variations]"
Add component (AddParameter): Name = "厂商"; Value = "珠海华冠"; VariantName = "[No Variations]"
Add component (AddParameter): Name = "名称"; Value = "V型铝电解电容"; VariantName = "[No Variations]"
Add component (AddParameter): Name = "物料代码"; Value = "1.02.06.0002"; VariantName = "[No Variations]"
Add component (AddParameter): Name = "现有库存"; Value = "4627"; VariantName = "[No Variations]"
Add component (AddParameter): Name = "规格型号"; Value = "220μF"; VariantName = "[No Variations]"
Add component (AddParameter): Name = "贴片和直插"; Value = "SMT"; VariantName = "[No Variations]"
Added Component: Designator=C6(0805)
Add component. Clean all parameters for all variants
Add component (AddParameter): Name = "LatestRevisionDate"; Value = "17-Jul-2002"; VariantName = "[No Variations]"
Add component (AddParameter): Name = "LatestRevisionNote"; Value = "Re-released for DXP Platform."; VariantName = "[No Variations]"
Add component (AddParameter): Name = "PackageDescription"; Value = "Radial Cap, Thru-Hole; 2 Leads; 0.3 in Pin Spacing"; VariantName = "[No Variations]"
Add component (AddParameter): Name = "PackageReference"; Value = "RAD-0.3"; VariantName = "[No Variations]"
Add component (AddParameter): Name = "Published"; Value = "8-Jun-2000"; VariantName = "[No Variations]"
Add component (AddParameter): Name = "Publisher"; Value = "Altium Limited"; VariantName = "[No Variations]"
Add component (AddParameter): Name = "Value"; Value = "1nF"; VariantName = "[No Variations]"
Added Component: Designator=D1(SOD-1005A)
Add component. Clean all parameters for all variants
Add component (AddParameter): Name = "ComponentLink1Description"; Value = "ErpDataInfo"; VariantName = "[No Variations]"
Add component (AddParameter): Name = "ComponentLink1URL"; Value = "http://erp.zlgmcu.com/ErpExt/ErpData/ListMateriel.aspx?pkey=1.04.07.0002"; VariantName = "[No Variations]"
Add component (AddParameter): Name = "RoHS"; Value = "RoHS"; VariantName = "[No Variations]"
Add component (AddParameter): Name = "Value"; Value = "1N4148"; VariantName = "[No Variations]"
Add component (AddParameter): Name = "名称"; Value = "二极管"; VariantName = "[No Variations]"
Add component (AddParameter): Name = "封装"; Value = "LL-34"; VariantName = "[No Variations]"
Add component (AddParameter): Name = "物料代码"; Value = "1.04.07.0002"; VariantName = "[No Variations]"
Add component (AddParameter): Name = "规格型号"; Value = "1N4148,LL-34,RoHS"; VariantName = "[No Variations]"
Add component (AddParameter): Name = "设备封装名称"; Value = "LL-34_1N4148"; VariantName = "[No Variations]"
Add component (AddParameter): Name = "贴片和直插"; Value = "SMT"; VariantName = "[No Variations]"
Added Component: Designator=F1(1812)
Add component. Clean all parameters for all variants
Add component (AddParameter): Name = "ComponentLink1Description"; Value = "ErpDataInfo"; VariantName = "[No Variations]"
Add component (AddParameter): Name = "ComponentLink1URL"; Value = "http://erp.zlgmcu.com/ErpExt/ErpData/ListMateriel.aspx?pkey=1.06.03.0003"; VariantName = "[No Variations]"
Add component (AddParameter): Name = "RoHS"; Value = "RoHS"; VariantName = "[No Variations]"
Add component (AddParameter): Name = "Value"; Value = "SMD200"; VariantName = "[No Variations]"
Add component (AddParameter): Name = "名称"; Value = "自恢复保险丝"; VariantName = "[No Variations]"
Add component (AddParameter): Name = "封装"; Value = "1812"; VariantName = "[No Variations]"
Add component (AddParameter): Name = "物料代码"; Value = "1.06.03.0003"; VariantName = "[No Variations]"
Add component (AddParameter): Name = "规格型号"; Value = "SMD200,1812,RoHS"; VariantName = "[No Variations]"
Add component (AddParameter): Name = "设备封装名称"; Value = "1812_SMD200"; VariantName = "[No Variations]"
Add component (AddParameter): Name = "贴片和直插"; Value = "SMT"; VariantName = "[No Variations]"
Added Component: Designator=L1(L-12X12S)
Add component. Clean all parameters for all variants
Add component (AddParameter): Name = "ComponentLink1Description"; Value = "ErpDataInfo"; VariantName = "[No Variations]"
Add component (AddParameter): Name = "ComponentLink1URL"; Value = "http://192.168.0.2:8012/ErpExt/ErpData/ListMateriel.aspx?pkey=1.03.01.0049"; VariantName = "[No Variations]"
Add component (AddParameter): Name = "Value"; Value = "10UH"; VariantName = "[No Variations]"
Add component (AddParameter): Name = "名称"; Value = "电感"; VariantName = "[No Variations]"
Add component (AddParameter): Name = "物料代码"; Value = "1.03.01.0049"; VariantName = "[No Variations]"
Add component (AddParameter): Name = "现有库存"; Value = "80"; VariantName = "[No Variations]"
Add component (AddParameter): Name = "规格型号"; Value = "SPRH125-330M"; VariantName = "[No Variations]"
Add component (AddParameter): Name = "贴片和直插"; Value = "SMT"; VariantName = "[No Variations]"
Added Component: Designator=P1(8.5端子)
Add component. Clean all parameters for all variants
Add component (AddParameter): Name = "LatestRevisionDate"; Value = "17-Jul-2002"; VariantName = "[No Variations]"
Add component (AddParameter): Name = "LatestRevisionNote"; Value = "Re-released for DXP Platform."; VariantName = "[No Variations]"
Add component (AddParameter): Name = "Publisher"; Value = "Altium Limited"; VariantName = "[No Variations]"
Added Component: Designator=P-TC1(HDR1X2)
Add component. Clean all parameters for all variants
Add component (AddParameter): Name = "LatestRevisionDate"; Value = "17-Jul-2002"; VariantName = "[No Variations]"
Add component (AddParameter): Name = "LatestRevisionNote"; Value = "Re-released for DXP Platform."; VariantName = "[No Variations]"
Add component (AddParameter): Name = "Publisher"; Value = "Altium Limited"; VariantName = "[No Variations]"
Added Component: Designator=Q1(SO-8_N)
Add component. Clean all parameters for all variants
Add component (AddParameter): Name = "Code_IPC"; Value = "SOIC127P600-8"; VariantName = "[No Variations]"
Add component (AddParameter): Name = "Code_JEDEC"; Value = "MS-012-AA"; VariantName = "[No Variations]"
Add component (AddParameter): Name = "ComponentLink1Description"; Value = "Manufacturer Link"; VariantName = "[No Variations]"
Add component (AddParameter): Name = "ComponentLink1URL"; Value = "http://www.irf.com/"; VariantName = "[No Variations]"
Add component (AddParameter): Name = "ComponentLink2Description"; Value = "Datasheet"; VariantName = "[No Variations]"
Add component (AddParameter): Name = "ComponentLink2URL"; Value = "http://www.irf.com/product-info/datasheets/data/irf7807.pdf"; VariantName = "[No Variations]"
Add component (AddParameter): Name = "DatasheetVersion"; Value = "10-Oct-2000"; VariantName = "[No Variations]"
Add component (AddParameter): Name = "LatestRevisionDate"; Value = "13-Apr-2006"; VariantName = "[No Variations]"
Add component (AddParameter): Name = "LatestRevisionNote"; Value = "IPC-7351 Footprint Added."; VariantName = "[No Variations]"
Add component (AddParameter): Name = "PackageDescription"; Value = "8-Pin Plastic Small Outline Integrated Circuit 1.27 mm Pitch"; VariantName = "[No Variations]"
Add component (AddParameter): Name = "PackageReference"; Value = "SO-8"; VariantName = "[No Variations]"
Add component (AddParameter): Name = "PackageVersion"; Value = "Feb-2001"; VariantName = "[No Variations]"
Add component (AddParameter): Name = "Published"; Value = "17-Sep-2003"; VariantName = "[No Variations]"
Add component (AddParameter): Name = "Publisher"; Value = "Altium Limited"; VariantName = "[No Variations]"
Added Component: Designator=R1(0805_R)
Add component. Clean all parameters for all variants
Add component (AddParameter): Name = "ComponentLink1Description"; Value = "供应商链接"; VariantName = "[No Variations]"
Add component (AddParameter): Name = "ComponentLink1URL"; Value = "http://www.szlcsc.com/product/details_4717.html"; VariantName = "[No Variations]"
Add component (AddParameter): Name = "Notepad"; Value = ""; VariantName = "[No Variations]"
Add component (AddParameter): Name = "Package"; Value = "0805"; VariantName = "[No Variations]"
Add component (AddParameter): Name = "Supplier"; Value = "LC"; VariantName = "[No Variations]"
Add component (AddParameter): Name = "SuppliersPartNumber"; Value = "C4310"; VariantName = "[No Variations]"
Added Component: Designator=R2(0805_R)
Add component. Clean all parameters for all variants
Add component (AddParameter): Name = "ComponentLink1Description"; Value = "供应商链接"; VariantName = "[No Variations]"
Add component (AddParameter): Name = "ComponentLink1URL"; Value = "http://www.szlcsc.com/product/details_4717.html"; VariantName = "[No Variations]"
Add component (AddParameter): Name = "Notepad"; Value = ""; VariantName = "[No Variations]"
Add component (AddParameter): Name = "Package"; Value = "0805"; VariantName = "[No Variations]"
Add component (AddParameter): Name = "Supplier"; Value = "LC"; VariantName = "[No Variations]"
Add component (AddParameter): Name = "SuppliersPartNumber"; Value = "C4310"; VariantName = "[No Variations]"
Added Component: Designator=R3(0805_R)
Add component. Clean all parameters for all variants
Add component (AddParameter): Name = "ComponentLink1Description"; Value = "供应商链接"; VariantName = "[No Variations]"
Add component (AddParameter): Name = "ComponentLink1URL"; Value = "http://www.szlcsc.com/product/details_4717.html"; VariantName = "[No Variations]"
Add component (AddParameter): Name = "Notepad"; Value = ""; VariantName = "[No Variations]"
Add component (AddParameter): Name = "Package"; Value = "0805"; VariantName = "[No Variations]"
Add component (AddParameter): Name = "Supplier"; Value = "LC"; VariantName = "[No Variations]"
Add component (AddParameter): Name = "SuppliersPartNumber"; Value = "C4310"; VariantName = "[No Variations]"
Added Component: Designator=R4(0805_R)
Add component. Clean all parameters for all variants
Add component (AddParameter): Name = "ComponentLink1Description"; Value = "供应商链接"; VariantName = "[No Variations]"
Add component (AddParameter): Name = "ComponentLink1URL"; Value = "http://www.szlcsc.com/product/details_4717.html"; VariantName = "[No Variations]"
Add component (AddParameter): Name = "Notepad"; Value = ""; VariantName = "[No Variations]"
Add component (AddParameter): Name = "Package"; Value = "0805"; VariantName = "[No Variations]"
Add component (AddParameter): Name = "Supplier"; Value = "LC"; VariantName = "[No Variations]"
Add component (AddParameter): Name = "SuppliersPartNumber"; Value = "C4310"; VariantName = "[No Variations]"
Added Component: Designator=R5(0805_R)
Add component. Clean all parameters for all variants
Add component (AddParameter): Name = "ComponentLink1Description"; Value = "供应商链接"; VariantName = "[No Variations]"
Add component (AddParameter): Name = "ComponentLink1URL"; Value = "http://www.szlcsc.com/product/details_4717.html"; VariantName = "[No Variations]"
Add component (AddParameter): Name = "Notepad"; Value = ""; VariantName = "[No Variations]"
Add component (AddParameter): Name = "Package"; Value = "0805"; VariantName = "[No Variations]"
Add component (AddParameter): Name = "Supplier"; Value = "LC"; VariantName = "[No Variations]"
Add component (AddParameter): Name = "SuppliersPartNumber"; Value = "C4310"; VariantName = "[No Variations]"
Added Component: Designator=R6(0805_R)
Add component. Clean all parameters for all variants
Add component (AddParameter): Name = "ComponentLink1Description"; Value = "供应商链接"; VariantName = "[No Variations]"
Add component (AddParameter): Name = "ComponentLink1URL"; Value = "http://www.szlcsc.com/product/details_4717.html"; VariantName = "[No Variations]"
Add component (AddParameter): Name = "Notepad"; Value = ""; VariantName = "[No Variations]"
Add component (AddParameter): Name = "Package"; Value = "0805"; VariantName = "[No Variations]"
Add component (AddParameter): Name = "Supplier"; Value = "LC"; VariantName = "[No Variations]"
Add component (AddParameter): Name = "SuppliersPartNumber"; Value = "C4310"; VariantName = "[No Variations]"
Added Component: Designator=U1(LM3488)
Add component. Clean all parameters for all variants
Added Component: Designator=U2(TO252)
Add component. Clean all parameters for all variants
Added Pin To Net: NetName=+24V Pin=C4-1
Added Pin To Net: NetName=+24V Pin=C5-1
Added Pin To Net: NetName=+24V Pin=P1-2
Added Pin To Net: NetName=+24V Pin=R5-2
Added Pin To Net: NetName=+24V Pin=U2-4
Added Net: Name=+24V
Added Pin To Net: NetName=GND Pin=C1-2
Added Pin To Net: NetName=GND Pin=C2-2
Added Pin To Net: NetName=GND Pin=C4-2
Added Pin To Net: NetName=GND Pin=C5-2
Added Pin To Net: NetName=GND Pin=C6-2
Added Pin To Net: NetName=GND Pin=P1-1
Added Pin To Net: NetName=GND Pin=P-TC1-1
Added Pin To Net: NetName=GND Pin=R1-1
Added Pin To Net: NetName=GND Pin=R2-2
Added Pin To Net: NetName=GND Pin=R3-1
Added Pin To Net: NetName=GND Pin=R6-1
Added Pin To Net: NetName=GND Pin=U1-4
Added Pin To Net: NetName=GND Pin=U1-5
Added Net: Name=GND
Added Pin To Net: NetName=NetC3_1 Pin=C3-1
Added Pin To Net: NetName=NetC3_1 Pin=U1-2
Added Net: Name=NetC3_1
Added Pin To Net: NetName=NetC3_2 Pin=C3-2
Added Pin To Net: NetName=NetC3_2 Pin=R1-2
Added Net: Name=NetC3_2
Added Pin To Net: NetName=NetC6_1 Pin=C6-1
Added Pin To Net: NetName=NetC6_1 Pin=Q1-1
Added Pin To Net: NetName=NetC6_1 Pin=Q1-2
Added Pin To Net: NetName=NetC6_1 Pin=Q1-3
Added Pin To Net: NetName=NetC6_1 Pin=R6-2
Added Pin To Net: NetName=NetC6_1 Pin=U1-1
Added Net: Name=NetC6_1
Added Pin To Net: NetName=NetD1_1 Pin=D1-1
Added Pin To Net: NetName=NetD1_1 Pin=Q1-4
Added Pin To Net: NetName=NetD1_1 Pin=R4-2
Added Net: Name=NetD1_1
Added Pin To Net: NetName=NetD1_2 Pin=D1-2
Added Pin To Net: NetName=NetD1_2 Pin=R4-1
Added Pin To Net: NetName=NetD1_2 Pin=U1-6
Added Net: Name=NetD1_2
Added Pin To Net: NetName=NetF1_1 Pin=F1-1
Added Pin To Net: NetName=NetF1_1 Pin=P-TC1-2
Added Net: Name=NetF1_1
Added Pin To Net: NetName=NetL1_2 Pin=L1-2
Added Pin To Net: NetName=NetL1_2 Pin=Q1-5
Added Pin To Net: NetName=NetL1_2 Pin=Q1-6
Added Pin To Net: NetName=NetL1_2 Pin=Q1-7
Added Pin To Net: NetName=NetL1_2 Pin=Q1-8
Added Pin To Net: NetName=NetL1_2 Pin=U2-1
Added Pin To Net: NetName=NetL1_2 Pin=U2-3
Added Net: Name=NetL1_2
Added Pin To Net: NetName=NetR2_1 Pin=R2-1
Added Pin To Net: NetName=NetR2_1 Pin=U1-7
Added Net: Name=NetR2_1
Added Pin To Net: NetName=NetR3_2 Pin=R3-2
Added Pin To Net: NetName=NetR3_2 Pin=R5-1
Added Pin To Net: NetName=NetR3_2 Pin=U1-3
Added Net: Name=NetR3_2
Added Pin To Net: NetName=VCC Pin=C1-1
Added Pin To Net: NetName=VCC Pin=C2-1
Added Pin To Net: NetName=VCC Pin=F1-2
Added Pin To Net: NetName=VCC Pin=L1-1
Added Pin To Net: NetName=VCC Pin=U1-8
Added Net: Name=VCC
Added Class: Name=LM3488_Sheet1
Added Room: Name=LM3488_Sheet1
